#
# There is insufficient memory for the Java Runtime Environment to continue.
# Native memory allocation (mmap) failed to map 58720256 bytes for G1 virtual space
# Possible reasons:
#   The system is out of physical RAM or swap space
#   The process is running with CompressedOops enabled, and the Java Heap may be blocking the growth of the native heap
# Possible solutions:
#   Reduce memory load on the system
#   Increase physical memory or swap space
#   Check if swap backing store is full
#   Decrease Java heap size (-Xmx/-Xms)
#   Decrease number of Java threads
#   Decrease Java thread stack sizes (-Xss)
#   Set larger code cache with -XX:ReservedCodeCacheSize=
#   JVM is running with Unscaled Compressed Oops mode in which the Java heap is
#     placed in the first 4GB address space. The Java Heap base address is the
#     maximum limit for the native heap growth. Please use -XX:HeapBaseMinAddress
#     to set the Java Heap base and to place the Java Heap above 4GB virtual address.
# This output file may be truncated or incomplete.
#
#  Out of Memory Error (os_windows.cpp:3552), pid=23760, tid=17816
#
# JRE version: Java(TM) SE Runtime Environment (17.0.9+11) (build 17.0.9+11-LTS-201)
# Java VM: Java HotSpot(TM) 64-Bit Server VM (17.0.9+11-LTS-201, mixed mode, sharing, tiered, compressed oops, compressed class ptrs, g1 gc, windows-amd64)
# No core dump will be written. Minidumps are not enabled by default on client versions of Windows
#

---------------  S U M M A R Y ------------

Command Line: -ea -Didea.test.cyclic.buffer.size=1048576 -javaagent:C:\Program Files\JetBrains\IntelliJ IDEA 2021.3\lib\idea_rt.jar=63464:C:\Program Files\JetBrains\IntelliJ IDEA 2021.3\bin -Dfile.encoding=windows-1251 com.intellij.rt.junit.JUnitStarter -ideVersion5 -junit5 SystemTest

Host: Intel(R) Core(TM) i5-10300H CPU @ 2.50GHz, 8 cores, 7G,  Windows 11 , 64 bit Build 22621 (10.0.22621.3235)
Time: Tue Apr  2 19:12:21 2024 RTZ 2 (s 11 , 64 bit Build 22621 (10.0.22621.3235) elapsed time: 2.451876 seconds (0d 0h 0m 2s)

---------------  T H R E A D  ---------------

Current thread (0x00000145a7a09f00):  VMThread "VM Thread" [stack: 0x00000022c3300000,0x00000022c3400000] [id=17816]

Stack: [0x00000022c3300000,0x00000022c3400000]
Native frames: (J=compiled Java code, j=interpreted, Vv=VM code, C=native code)
V  [jvm.dll+0x678a4a]
V  [jvm.dll+0x7d9cfd]
V  [jvm.dll+0x7db60e]
V  [jvm.dll+0x7dbc73]
V  [jvm.dll+0x245e1f]
V  [jvm.dll+0x6758f9]
V  [jvm.dll+0x66a2a2]
V  [jvm.dll+0x303686]
V  [jvm.dll+0x30ac06]
V  [jvm.dll+0x35a48e]
V  [jvm.dll+0x35a6bf]
V  [jvm.dll+0x2da678]
V  [jvm.dll+0x2d8a85]
V  [jvm.dll+0x2d808c]
V  [jvm.dll+0x31b97b]
V  [jvm.dll+0x7e048b]
V  [jvm.dll+0x7e11c4]
V  [jvm.dll+0x7e16dd]
V  [jvm.dll+0x7e1ab4]
V  [jvm.dll+0x7e1b80]
V  [jvm.dll+0x78998a]
V  [jvm.dll+0x677875]
C  [ucrtbase.dll+0x29363]
C  [KERNEL32.DLL+0x1257d]
C  [ntdll.dll+0x5aa58]

VM_Operation (0x00000022c2dfa1c0): G1CollectForAllocation, mode: safepoint, requested by thread 0x00000145899adfb0


---------------  P R O C E S S  ---------------

Threads class SMR info:
_java_thread_list=0x00000145edd33900, length=13, elements={
0x00000145899adfb0, 0x00000145a7a12b20, 0x00000145a7a139a0, 0x00000145a7a2a820,
0x00000145a7a2b3e0, 0x00000145a7a2e7d0, 0x00000145a7a3c710, 0x00000145a7a61f00,
0x00000145a7a62dc0, 0x00000145a7a75f90, 0x00000145a7c76700, 0x00000145a7c73970,
0x00000145a7c73e80
}

Java Threads: ( => current thread )
  0x00000145899adfb0 JavaThread "main" [_thread_blocked, id=22732, stack(0x00000022c2d00000,0x00000022c2e00000)]
  0x00000145a7a12b20 JavaThread "Reference Handler" daemon [_thread_blocked, id=5016, stack(0x00000022c3400000,0x00000022c3500000)]
  0x00000145a7a139a0 JavaThread "Finalizer" daemon [_thread_blocked, id=22420, stack(0x00000022c3500000,0x00000022c3600000)]
  0x00000145a7a2a820 JavaThread "Signal Dispatcher" daemon [_thread_blocked, id=8176, stack(0x00000022c3600000,0x00000022c3700000)]
  0x00000145a7a2b3e0 JavaThread "Attach Listener" daemon [_thread_blocked, id=19900, stack(0x00000022c3700000,0x00000022c3800000)]
  0x00000145a7a2e7d0 JavaThread "Service Thread" daemon [_thread_blocked, id=7744, stack(0x00000022c3800000,0x00000022c3900000)]
  0x00000145a7a3c710 JavaThread "Monitor Deflation Thread" daemon [_thread_blocked, id=2064, stack(0x00000022c3900000,0x00000022c3a00000)]
  0x00000145a7a61f00 JavaThread "C2 CompilerThread0" daemon [_thread_blocked, id=22572, stack(0x00000022c3a00000,0x00000022c3b00000)]
  0x00000145a7a62dc0 JavaThread "C1 CompilerThread0" daemon [_thread_blocked, id=24176, stack(0x00000022c3b00000,0x00000022c3c00000)]
  0x00000145a7a75f90 JavaThread "Sweeper thread" daemon [_thread_blocked, id=18536, stack(0x00000022c3c00000,0x00000022c3d00000)]
  0x00000145a7c76700 JavaThread "Common-Cleaner" daemon [_thread_blocked, id=17628, stack(0x00000022c3d00000,0x00000022c3e00000)]
  0x00000145a7c73970 JavaThread "Monitor Ctrl-Break" daemon [_thread_in_native, id=20192, stack(0x00000022c3e00000,0x00000022c3f00000)]
  0x00000145a7c73e80 JavaThread "Notification Thread" daemon [_thread_blocked, id=20460, stack(0x00000022c3f00000,0x00000022c4000000)]

Other Threads:
=>0x00000145a7a09f00 VMThread "VM Thread" [stack: 0x00000022c3300000,0x00000022c3400000] [id=17816]
  0x00000145a7dbe990 WatcherThread [stack: 0x00000022c4000000,0x00000022c4100000] [id=14572]
  0x0000014589a0b1d0 GCTaskThread "GC Thread#0" [stack: 0x00000022c2e00000,0x00000022c2f00000] [id=14556]
  0x00000145ed5515e0 GCTaskThread "GC Thread#1" [stack: 0x00000022c4200000,0x00000022c4300000] [id=19672]
  0x00000145ed5c69c0 GCTaskThread "GC Thread#2" [stack: 0x00000022c4300000,0x00000022c4400000] [id=15140]
  0x00000145ed614d70 GCTaskThread "GC Thread#3" [stack: 0x00000022c4400000,0x00000022c4500000] [id=16840]
  0x00000145ed52cbd0 GCTaskThread "GC Thread#4" [stack: 0x00000022c4500000,0x00000022c4600000] [id=17484]
  0x00000145ed6479f0 GCTaskThread "GC Thread#5" [stack: 0x00000022c4600000,0x00000022c4700000] [id=23380]
  0x00000145edbc0e90 GCTaskThread "GC Thread#6" [stack: 0x00000022c4800000,0x00000022c4900000] [id=4996]
  0x00000145edf81bc0 GCTaskThread "GC Thread#7" [stack: 0x00000022c4900000,0x00000022c4a00000] [id=7288]
  0x0000014589a1bc20 ConcurrentGCThread "G1 Main Marker" [stack: 0x00000022c2f00000,0x00000022c3000000] [id=18396]
  0x0000014589a1c630 ConcurrentGCThread "G1 Conc#0" [stack: 0x00000022c3000000,0x00000022c3100000] [id=25492]
  0x0000014589a6e530 ConcurrentGCThread "G1 Refine#0" [stack: 0x00000022c3100000,0x00000022c3200000] [id=17808]
  0x00000145a78c60e0 ConcurrentGCThread "G1 Service" [stack: 0x00000022c3200000,0x00000022c3300000] [id=4804]

Threads with active compile tasks:

VM state: at safepoint (normal execution)

VM Mutex/Monitor currently owned by a thread:  ([mutex/lock_event])
[0x00000145899a9c70] Threads_lock - owner thread: 0x00000145a7a09f00
[0x00000145899a9130] Heap_lock - owner thread: 0x00000145899adfb0

Heap address: 0x0000000082800000, size: 2008 MB, Compressed Oops mode: 32-bit

CDS archive(s) mapped at: [0x00000145a8000000-0x00000145a8bd0000-0x00000145a8bd0000), size 12386304, SharedBaseAddress: 0x00000145a8000000, ArchiveRelocationMode: 1.
Compressed class space mapped at: 0x00000145a9000000-0x00000145e9000000, reserved size: 1073741824
Narrow klass base: 0x00000145a8000000, Narrow klass shift: 0, Narrow klass range: 0x100000000

GC Precious Log:
 CPUs: 8 total, 8 available
 Memory: 8029M
 Large Page Support: Disabled
 NUMA Support: Disabled
 Compressed Oops: Enabled (32-bit)
 Heap Region Size: 1M
 Heap Min Capacity: 8M
 Heap Initial Capacity: 126M
 Heap Max Capacity: 2008M
 Pre-touch: Disabled
 Parallel Workers: 8
 Concurrent Workers: 2
 Concurrent Refinement Workers: 8
 Periodic GC: Disabled

Heap:
 garbage-first heap   total 219136K, used 15114K [0x0000000082800000, 0x0000000100000000)
  region size 1024K, 6 young (6144K), 6 survivors (6144K)
 Metaspace       used 12579K, committed 12800K, reserved 1114112K
  class space    used 1875K, committed 1984K, reserved 1048576K

Heap Regions: E=young(eden), S=young(survivor), O=old, HS=humongous(starts), HC=humongous(continues), CS=collection set, F=free, OA=open archive, CA=closed archive, TAMS=top-at-mark-start (previous, next)
|   0|0x0000000082800000, 0x0000000082900000, 0x0000000082900000|100%| O|  |TAMS 0x0000000082800000, 0x0000000082800000| Untracked 
|   1|0x0000000082900000, 0x0000000082a00000, 0x0000000082a00000|100%|HS|  |TAMS 0x0000000082900000, 0x0000000082900000| Complete 
|   2|0x0000000082a00000, 0x0000000082b00000, 0x0000000082b00000|100%|HC|  |TAMS 0x0000000082a00000, 0x0000000082a00000| Complete 
|   3|0x0000000082b00000, 0x0000000082c00000, 0x0000000082c00000|100%|HC|  |TAMS 0x0000000082b00000, 0x0000000082b00000| Complete 
|   4|0x0000000082c00000, 0x0000000082d00000, 0x0000000082d00000|100%|HS|  |TAMS 0x0000000082c00000, 0x0000000082c00000| Complete 
|   5|0x0000000082d00000, 0x0000000082e00000, 0x0000000082e00000|100%|HC|  |TAMS 0x0000000082d00000, 0x0000000082d00000| Complete 
|   6|0x0000000082e00000, 0x0000000082f00000, 0x0000000082f00000|100%|HC|  |TAMS 0x0000000082e00000, 0x0000000082e00000| Complete 
|   7|0x0000000082f00000, 0x0000000083000000, 0x0000000083000000|100%| O|  |TAMS 0x0000000082f00000, 0x0000000082f00000| Untracked 
|   8|0x0000000083000000, 0x00000000830fa200, 0x0000000083100000| 97%| O|  |TAMS 0x0000000083000000, 0x0000000083000000| Untracked 
|   9|0x0000000083100000, 0x0000000083100000, 0x0000000083200000|  0%| F|  |TAMS 0x0000000083100000, 0x0000000083100000| Untracked 
|  10|0x0000000083200000, 0x0000000083200000, 0x0000000083300000|  0%| F|  |TAMS 0x0000000083200000, 0x0000000083200000| Untracked 
|  11|0x0000000083300000, 0x0000000083300000, 0x0000000083400000|  0%| F|  |TAMS 0x0000000083300000, 0x0000000083300000| Untracked 
|  12|0x0000000083400000, 0x0000000083400000, 0x0000000083500000|  0%| F|  |TAMS 0x0000000083400000, 0x0000000083400000| Untracked 
|  13|0x0000000083500000, 0x0000000083500000, 0x0000000083600000|  0%| F|  |TAMS 0x0000000083500000, 0x0000000083500000| Untracked 
|  14|0x0000000083600000, 0x0000000083600000, 0x0000000083700000|  0%| F|  |TAMS 0x0000000083600000, 0x0000000083600000| Untracked 
|  15|0x0000000083700000, 0x0000000083700000, 0x0000000083800000|  0%| F|  |TAMS 0x0000000083700000, 0x0000000083700000| Untracked 
|  16|0x0000000083800000, 0x0000000083800000, 0x0000000083900000|  0%| F|  |TAMS 0x0000000083800000, 0x0000000083800000| Untracked 
|  17|0x0000000083900000, 0x0000000083900000, 0x0000000083a00000|  0%| F|  |TAMS 0x0000000083900000, 0x0000000083900000| Untracked 
|  18|0x0000000083a00000, 0x0000000083a00000, 0x0000000083b00000|  0%| F|  |TAMS 0x0000000083a00000, 0x0000000083a00000| Untracked 
|  19|0x0000000083b00000, 0x0000000083b00000, 0x0000000083c00000|  0%| F|  |TAMS 0x0000000083b00000, 0x0000000083b00000| Untracked 
|  20|0x0000000083c00000, 0x0000000083c00000, 0x0000000083d00000|  0%| F|  |TAMS 0x0000000083c00000, 0x0000000083c00000| Untracked 
|  21|0x0000000083d00000, 0x0000000083d00000, 0x0000000083e00000|  0%| F|  |TAMS 0x0000000083d00000, 0x0000000083d00000| Untracked 
|  22|0x0000000083e00000, 0x0000000083e00000, 0x0000000083f00000|  0%| F|  |TAMS 0x0000000083e00000, 0x0000000083e00000| Untracked 
|  23|0x0000000083f00000, 0x0000000083f00000, 0x0000000084000000|  0%| F|  |TAMS 0x0000000083f00000, 0x0000000083f00000| Untracked 
|  24|0x0000000084000000, 0x0000000084000000, 0x0000000084100000|  0%| F|  |TAMS 0x0000000084000000, 0x0000000084000000| Untracked 
|  25|0x0000000084100000, 0x0000000084100000, 0x0000000084200000|  0%| F|  |TAMS 0x0000000084100000, 0x0000000084100000| Untracked 
|  26|0x0000000084200000, 0x0000000084200000, 0x0000000084300000|  0%| F|  |TAMS 0x0000000084200000, 0x0000000084200000| Untracked 
|  27|0x0000000084300000, 0x0000000084300000, 0x0000000084400000|  0%| F|  |TAMS 0x0000000084300000, 0x0000000084300000| Untracked 
|  28|0x0000000084400000, 0x0000000084400000, 0x0000000084500000|  0%| F|  |TAMS 0x0000000084400000, 0x0000000084400000| Untracked 
|  29|0x0000000084500000, 0x0000000084500000, 0x0000000084600000|  0%| F|  |TAMS 0x0000000084500000, 0x0000000084500000| Untracked 
|  30|0x0000000084600000, 0x0000000084600000, 0x0000000084700000|  0%| F|  |TAMS 0x0000000084600000, 0x0000000084600000| Untracked 
|  31|0x0000000084700000, 0x0000000084700000, 0x0000000084800000|  0%| F|  |TAMS 0x0000000084700000, 0x0000000084700000| Untracked 
|  32|0x0000000084800000, 0x0000000084800000, 0x0000000084900000|  0%| F|  |TAMS 0x0000000084800000, 0x0000000084800000| Untracked 
|  33|0x0000000084900000, 0x0000000084900000, 0x0000000084a00000|  0%| F|  |TAMS 0x0000000084900000, 0x0000000084900000| Untracked 
|  34|0x0000000084a00000, 0x0000000084a00000, 0x0000000084b00000|  0%| F|  |TAMS 0x0000000084a00000, 0x0000000084a00000| Untracked 
|  35|0x0000000084b00000, 0x0000000084b00000, 0x0000000084c00000|  0%| F|  |TAMS 0x0000000084b00000, 0x0000000084b00000| Untracked 
|  36|0x0000000084c00000, 0x0000000084c00000, 0x0000000084d00000|  0%| F|  |TAMS 0x0000000084c00000, 0x0000000084c00000| Untracked 
|  37|0x0000000084d00000, 0x0000000084d00000, 0x0000000084e00000|  0%| F|  |TAMS 0x0000000084d00000, 0x0000000084d00000| Untracked 
|  38|0x0000000084e00000, 0x0000000084e00000, 0x0000000084f00000|  0%| F|  |TAMS 0x0000000084e00000, 0x0000000084e00000| Untracked 
|  39|0x0000000084f00000, 0x0000000084f00000, 0x0000000085000000|  0%| F|  |TAMS 0x0000000084f00000, 0x0000000084f00000| Untracked 
|  40|0x0000000085000000, 0x0000000085000000, 0x0000000085100000|  0%| F|  |TAMS 0x0000000085000000, 0x0000000085000000| Untracked 
|  41|0x0000000085100000, 0x0000000085100000, 0x0000000085200000|  0%| F|  |TAMS 0x0000000085100000, 0x0000000085100000| Untracked 
|  42|0x0000000085200000, 0x0000000085200000, 0x0000000085300000|  0%| F|  |TAMS 0x0000000085200000, 0x0000000085200000| Untracked 
|  43|0x0000000085300000, 0x0000000085300000, 0x0000000085400000|  0%| F|  |TAMS 0x0000000085300000, 0x0000000085300000| Untracked 
|  44|0x0000000085400000, 0x0000000085400000, 0x0000000085500000|  0%| F|  |TAMS 0x0000000085400000, 0x0000000085400000| Untracked 
|  45|0x0000000085500000, 0x0000000085500000, 0x0000000085600000|  0%| F|  |TAMS 0x0000000085500000, 0x0000000085500000| Untracked 
|  46|0x0000000085600000, 0x0000000085600000, 0x0000000085700000|  0%| F|  |TAMS 0x0000000085600000, 0x0000000085600000| Untracked 
|  47|0x0000000085700000, 0x0000000085700000, 0x0000000085800000|  0%| F|  |TAMS 0x0000000085700000, 0x0000000085700000| Untracked 
|  48|0x0000000085800000, 0x0000000085800000, 0x0000000085900000|  0%| F|  |TAMS 0x0000000085800000, 0x0000000085800000| Untracked 
|  49|0x0000000085900000, 0x0000000085900000, 0x0000000085a00000|  0%| F|  |TAMS 0x0000000085900000, 0x0000000085900000| Untracked 
|  50|0x0000000085a00000, 0x0000000085a00000, 0x0000000085b00000|  0%| F|  |TAMS 0x0000000085a00000, 0x0000000085a00000| Untracked 
|  51|0x0000000085b00000, 0x0000000085b00000, 0x0000000085c00000|  0%| F|  |TAMS 0x0000000085b00000, 0x0000000085b00000| Untracked 
|  52|0x0000000085c00000, 0x0000000085c00000, 0x0000000085d00000|  0%| F|  |TAMS 0x0000000085c00000, 0x0000000085c00000| Untracked 
|  53|0x0000000085d00000, 0x0000000085d00000, 0x0000000085e00000|  0%| F|  |TAMS 0x0000000085d00000, 0x0000000085d00000| Untracked 
|  54|0x0000000085e00000, 0x0000000085e00000, 0x0000000085f00000|  0%| F|  |TAMS 0x0000000085e00000, 0x0000000085e00000| Untracked 
|  55|0x0000000085f00000, 0x0000000085f00000, 0x0000000086000000|  0%| F|  |TAMS 0x0000000085f00000, 0x0000000085f00000| Untracked 
|  56|0x0000000086000000, 0x0000000086000000, 0x0000000086100000|  0%| F|  |TAMS 0x0000000086000000, 0x0000000086000000| Untracked 
|  57|0x0000000086100000, 0x0000000086100000, 0x0000000086200000|  0%| F|  |TAMS 0x0000000086100000, 0x0000000086100000| Untracked 
|  58|0x0000000086200000, 0x0000000086200000, 0x0000000086300000|  0%| F|  |TAMS 0x0000000086200000, 0x0000000086200000| Untracked 
|  59|0x0000000086300000, 0x0000000086300000, 0x0000000086400000|  0%| F|  |TAMS 0x0000000086300000, 0x0000000086300000| Untracked 
|  60|0x0000000086400000, 0x0000000086400000, 0x0000000086500000|  0%| F|  |TAMS 0x0000000086400000, 0x0000000086400000| Untracked 
|  61|0x0000000086500000, 0x0000000086500000, 0x0000000086600000|  0%| F|  |TAMS 0x0000000086500000, 0x0000000086500000| Untracked 
|  62|0x0000000086600000, 0x0000000086600000, 0x0000000086700000|  0%| F|  |TAMS 0x0000000086600000, 0x0000000086600000| Untracked 
|  63|0x0000000086700000, 0x0000000086700000, 0x0000000086800000|  0%| F|  |TAMS 0x0000000086700000, 0x0000000086700000| Untracked 
|  64|0x0000000086800000, 0x0000000086800000, 0x0000000086900000|  0%| F|  |TAMS 0x0000000086800000, 0x0000000086800000| Untracked 
|  65|0x0000000086900000, 0x0000000086900000, 0x0000000086a00000|  0%| F|  |TAMS 0x0000000086900000, 0x0000000086900000| Untracked 
|  66|0x0000000086a00000, 0x0000000086a00000, 0x0000000086b00000|  0%| F|  |TAMS 0x0000000086a00000, 0x0000000086a00000| Untracked 
|  67|0x0000000086b00000, 0x0000000086b00000, 0x0000000086c00000|  0%| F|  |TAMS 0x0000000086b00000, 0x0000000086b00000| Untracked 
|  68|0x0000000086c00000, 0x0000000086c00000, 0x0000000086d00000|  0%| F|  |TAMS 0x0000000086c00000, 0x0000000086c00000| Untracked 
|  69|0x0000000086d00000, 0x0000000086d00000, 0x0000000086e00000|  0%| F|  |TAMS 0x0000000086d00000, 0x0000000086d00000| Untracked 
|  70|0x0000000086e00000, 0x0000000086e00000, 0x0000000086f00000|  0%| F|  |TAMS 0x0000000086e00000, 0x0000000086e00000| Untracked 
|  71|0x0000000086f00000, 0x0000000086f00000, 0x0000000087000000|  0%| F|  |TAMS 0x0000000086f00000, 0x0000000086f00000| Untracked 
|  72|0x0000000087000000, 0x0000000087000000, 0x0000000087100000|  0%| F|  |TAMS 0x0000000087000000, 0x0000000087000000| Untracked 
|  73|0x0000000087100000, 0x0000000087100000, 0x0000000087200000|  0%| F|  |TAMS 0x0000000087100000, 0x0000000087100000| Untracked 
|  74|0x0000000087200000, 0x0000000087200000, 0x0000000087300000|  0%| F|  |TAMS 0x0000000087200000, 0x0000000087200000| Untracked 
|  75|0x0000000087300000, 0x0000000087300000, 0x0000000087400000|  0%| F|  |TAMS 0x0000000087300000, 0x0000000087300000| Untracked 
|  76|0x0000000087400000, 0x0000000087400000, 0x0000000087500000|  0%| F|  |TAMS 0x0000000087400000, 0x0000000087400000| Untracked 
|  77|0x0000000087500000, 0x0000000087500000, 0x0000000087600000|  0%| F|  |TAMS 0x0000000087500000, 0x0000000087500000| Untracked 
|  78|0x0000000087600000, 0x0000000087600000, 0x0000000087700000|  0%| F|  |TAMS 0x0000000087600000, 0x0000000087600000| Untracked 
|  79|0x0000000087700000, 0x0000000087700000, 0x0000000087800000|  0%| F|  |TAMS 0x0000000087700000, 0x0000000087700000| Untracked 
|  80|0x0000000087800000, 0x0000000087800000, 0x0000000087900000|  0%| F|  |TAMS 0x0000000087800000, 0x0000000087800000| Untracked 
|  81|0x0000000087900000, 0x00000000879c87e0, 0x0000000087a00000| 78%| S|CS|TAMS 0x0000000087900000, 0x0000000087900000| Complete 
|  82|0x0000000087a00000, 0x0000000087b00000, 0x0000000087b00000|100%| S|CS|TAMS 0x0000000087a00000, 0x0000000087a00000| Complete 
|  83|0x0000000087b00000, 0x0000000087c00000, 0x0000000087c00000|100%| S|CS|TAMS 0x0000000087b00000, 0x0000000087b00000| Complete 
|  84|0x0000000087c00000, 0x0000000087d00000, 0x0000000087d00000|100%| S|CS|TAMS 0x0000000087c00000, 0x0000000087c00000| Complete 
|  85|0x0000000087d00000, 0x0000000087e00000, 0x0000000087e00000|100%| S|CS|TAMS 0x0000000087d00000, 0x0000000087d00000| Complete 
|  86|0x0000000087e00000, 0x0000000087e00000, 0x0000000087f00000|  0%| F|  |TAMS 0x0000000087e00000, 0x0000000087e00000| Untracked 
|  87|0x0000000087f00000, 0x0000000087f00000, 0x0000000088000000|  0%| F|  |TAMS 0x0000000087f00000, 0x0000000087f00000| Untracked 
|  88|0x0000000088000000, 0x0000000088000000, 0x0000000088100000|  0%| F|  |TAMS 0x0000000088000000, 0x0000000088000000| Untracked 
|  89|0x0000000088100000, 0x0000000088100000, 0x0000000088200000|  0%| F|  |TAMS 0x0000000088100000, 0x0000000088100000| Untracked 
|  90|0x0000000088200000, 0x0000000088200000, 0x0000000088300000|  0%| F|  |TAMS 0x0000000088200000, 0x0000000088200000| Untracked 
|  91|0x0000000088300000, 0x0000000088400000, 0x0000000088400000|100%| S|CS|TAMS 0x0000000088300000, 0x0000000088300000| Complete 
|  92|0x0000000088400000, 0x0000000088400000, 0x0000000088500000|  0%| F|  |TAMS 0x0000000088400000, 0x0000000088400000| Untracked 
|  93|0x0000000088500000, 0x0000000088500000, 0x0000000088600000|  0%| F|  |TAMS 0x0000000088500000, 0x0000000088500000| Untracked 
|  94|0x0000000088600000, 0x0000000088600000, 0x0000000088700000|  0%| F|  |TAMS 0x0000000088600000, 0x0000000088600000| Untracked 
|  95|0x0000000088700000, 0x0000000088700000, 0x0000000088800000|  0%| F|  |TAMS 0x0000000088700000, 0x0000000088700000| Untracked 
|  96|0x0000000088800000, 0x0000000088800000, 0x0000000088900000|  0%| F|  |TAMS 0x0000000088800000, 0x0000000088800000| Untracked 
|  97|0x0000000088900000, 0x0000000088900000, 0x0000000088a00000|  0%| F|  |TAMS 0x0000000088900000, 0x0000000088900000| Untracked 
|  98|0x0000000088a00000, 0x0000000088a00000, 0x0000000088b00000|  0%| F|  |TAMS 0x0000000088a00000, 0x0000000088a00000| Untracked 
|  99|0x0000000088b00000, 0x0000000088b00000, 0x0000000088c00000|  0%| F|  |TAMS 0x0000000088b00000, 0x0000000088b00000| Untracked 
| 100|0x0000000088c00000, 0x0000000088c00000, 0x0000000088d00000|  0%| F|  |TAMS 0x0000000088c00000, 0x0000000088c00000| Untracked 
| 101|0x0000000088d00000, 0x0000000088d00000, 0x0000000088e00000|  0%| F|  |TAMS 0x0000000088d00000, 0x0000000088d00000| Untracked 
| 102|0x0000000088e00000, 0x0000000088e00000, 0x0000000088f00000|  0%| F|  |TAMS 0x0000000088e00000, 0x0000000088e00000| Untracked 
| 103|0x0000000088f00000, 0x0000000088f00000, 0x0000000089000000|  0%| F|  |TAMS 0x0000000088f00000, 0x0000000088f00000| Untracked 
| 104|0x0000000089000000, 0x0000000089000000, 0x0000000089100000|  0%| F|  |TAMS 0x0000000089000000, 0x0000000089000000| Untracked 
| 105|0x0000000089100000, 0x0000000089100000, 0x0000000089200000|  0%| F|  |TAMS 0x0000000089100000, 0x0000000089100000| Untracked 
| 106|0x0000000089200000, 0x0000000089200000, 0x0000000089300000|  0%| F|  |TAMS 0x0000000089200000, 0x0000000089200000| Untracked 
| 107|0x0000000089300000, 0x0000000089300000, 0x0000000089400000|  0%| F|  |TAMS 0x0000000089300000, 0x0000000089300000| Untracked 
| 108|0x0000000089400000, 0x0000000089400000, 0x0000000089500000|  0%| F|  |TAMS 0x0000000089400000, 0x0000000089400000| Untracked 
| 109|0x0000000089500000, 0x0000000089500000, 0x0000000089600000|  0%| F|  |TAMS 0x0000000089500000, 0x0000000089500000| Untracked 
| 110|0x0000000089600000, 0x0000000089600000, 0x0000000089700000|  0%| F|  |TAMS 0x0000000089600000, 0x0000000089600000| Untracked 
| 111|0x0000000089700000, 0x0000000089700000, 0x0000000089800000|  0%| F|  |TAMS 0x0000000089700000, 0x0000000089700000| Untracked 
| 112|0x0000000089800000, 0x0000000089800000, 0x0000000089900000|  0%| F|  |TAMS 0x0000000089800000, 0x0000000089800000| Untracked 
| 113|0x0000000089900000, 0x0000000089900000, 0x0000000089a00000|  0%| F|  |TAMS 0x0000000089900000, 0x0000000089900000| Untracked 
| 114|0x0000000089a00000, 0x0000000089a00000, 0x0000000089b00000|  0%| F|  |TAMS 0x0000000089a00000, 0x0000000089a00000| Untracked 
| 115|0x0000000089b00000, 0x0000000089b00000, 0x0000000089c00000|  0%| F|  |TAMS 0x0000000089b00000, 0x0000000089b00000| Untracked 
| 116|0x0000000089c00000, 0x0000000089c00000, 0x0000000089d00000|  0%| F|  |TAMS 0x0000000089c00000, 0x0000000089c00000| Untracked 
| 117|0x0000000089d00000, 0x0000000089d00000, 0x0000000089e00000|  0%| F|  |TAMS 0x0000000089d00000, 0x0000000089d00000| Untracked 
| 118|0x0000000089e00000, 0x0000000089e00000, 0x0000000089f00000|  0%| F|  |TAMS 0x0000000089e00000, 0x0000000089e00000| Untracked 
| 119|0x0000000089f00000, 0x0000000089f00000, 0x000000008a000000|  0%| F|  |TAMS 0x0000000089f00000, 0x0000000089f00000| Untracked 
| 120|0x000000008a000000, 0x000000008a000000, 0x000000008a100000|  0%| F|  |TAMS 0x000000008a000000, 0x000000008a000000| Untracked 
| 121|0x000000008a100000, 0x000000008a100000, 0x000000008a200000|  0%| F|  |TAMS 0x000000008a100000, 0x000000008a100000| Untracked 
| 122|0x000000008a200000, 0x000000008a200000, 0x000000008a300000|  0%| F|  |TAMS 0x000000008a200000, 0x000000008a200000| Untracked 
| 123|0x000000008a300000, 0x000000008a300000, 0x000000008a400000|  0%| F|  |TAMS 0x000000008a300000, 0x000000008a300000| Untracked 
| 124|0x000000008a400000, 0x000000008a400000, 0x000000008a500000|  0%| F|  |TAMS 0x000000008a400000, 0x000000008a400000| Untracked 
| 125|0x000000008a500000, 0x000000008a500000, 0x000000008a600000|  0%| F|  |TAMS 0x000000008a500000, 0x000000008a500000| Untracked 
| 126|0x000000008a600000, 0x000000008a600000, 0x000000008a700000|  0%| F|  |TAMS 0x000000008a600000, 0x000000008a600000| Untracked 
| 127|0x000000008a700000, 0x000000008a700000, 0x000000008a800000|  0%| F|  |TAMS 0x000000008a700000, 0x000000008a700000| Untracked 
| 128|0x000000008a800000, 0x000000008a800000, 0x000000008a900000|  0%| F|  |TAMS 0x000000008a800000, 0x000000008a800000| Untracked 
| 129|0x000000008a900000, 0x000000008a900000, 0x000000008aa00000|  0%| F|  |TAMS 0x000000008a900000, 0x000000008a900000| Untracked 
| 130|0x000000008aa00000, 0x000000008aa00000, 0x000000008ab00000|  0%| F|  |TAMS 0x000000008aa00000, 0x000000008aa00000| Untracked 
| 131|0x000000008ab00000, 0x000000008ab00000, 0x000000008ac00000|  0%| F|  |TAMS 0x000000008ab00000, 0x000000008ab00000| Untracked 
| 132|0x000000008ac00000, 0x000000008ac00000, 0x000000008ad00000|  0%| F|  |TAMS 0x000000008ac00000, 0x000000008ac00000| Untracked 
| 133|0x000000008ad00000, 0x000000008ad00000, 0x000000008ae00000|  0%| F|  |TAMS 0x000000008ad00000, 0x000000008ad00000| Untracked 
| 134|0x000000008ae00000, 0x000000008ae00000, 0x000000008af00000|  0%| F|  |TAMS 0x000000008ae00000, 0x000000008ae00000| Untracked 
| 135|0x000000008af00000, 0x000000008af00000, 0x000000008b000000|  0%| F|  |TAMS 0x000000008af00000, 0x000000008af00000| Untracked 
| 136|0x000000008b000000, 0x000000008b000000, 0x000000008b100000|  0%| F|  |TAMS 0x000000008b000000, 0x000000008b000000| Untracked 
| 137|0x000000008b100000, 0x000000008b100000, 0x000000008b200000|  0%| F|  |TAMS 0x000000008b100000, 0x000000008b100000| Untracked 
| 138|0x000000008b200000, 0x000000008b200000, 0x000000008b300000|  0%| F|  |TAMS 0x000000008b200000, 0x000000008b200000| Untracked 
| 139|0x000000008b300000, 0x000000008b300000, 0x000000008b400000|  0%| F|  |TAMS 0x000000008b300000, 0x000000008b300000| Untracked 
| 140|0x000000008b400000, 0x000000008b400000, 0x000000008b500000|  0%| F|  |TAMS 0x000000008b400000, 0x000000008b400000| Untracked 
| 141|0x000000008b500000, 0x000000008b500000, 0x000000008b600000|  0%| F|  |TAMS 0x000000008b500000, 0x000000008b500000| Untracked 
| 142|0x000000008b600000, 0x000000008b600000, 0x000000008b700000|  0%| F|  |TAMS 0x000000008b600000, 0x000000008b600000| Untracked 
| 143|0x000000008b700000, 0x000000008b700000, 0x000000008b800000|  0%| F|  |TAMS 0x000000008b700000, 0x000000008b700000| Untracked 
| 144|0x000000008b800000, 0x000000008b800000, 0x000000008b900000|  0%| F|  |TAMS 0x000000008b800000, 0x000000008b800000| Untracked 
| 145|0x000000008b900000, 0x000000008b900000, 0x000000008ba00000|  0%| F|  |TAMS 0x000000008b900000, 0x000000008b900000| Untracked 
| 146|0x000000008ba00000, 0x000000008ba00000, 0x000000008bb00000|  0%| F|  |TAMS 0x000000008ba00000, 0x000000008ba00000| Untracked 
| 147|0x000000008bb00000, 0x000000008bb00000, 0x000000008bc00000|  0%| F|  |TAMS 0x000000008bb00000, 0x000000008bb00000| Untracked 
| 148|0x000000008bc00000, 0x000000008bc00000, 0x000000008bd00000|  0%| F|  |TAMS 0x000000008bc00000, 0x000000008bc00000| Untracked 
| 149|0x000000008bd00000, 0x000000008bd00000, 0x000000008be00000|  0%| F|  |TAMS 0x000000008bd00000, 0x000000008bd00000| Untracked 
| 150|0x000000008be00000, 0x000000008be00000, 0x000000008bf00000|  0%| F|  |TAMS 0x000000008be00000, 0x000000008be00000| Untracked 
| 151|0x000000008bf00000, 0x000000008bf00000, 0x000000008c000000|  0%| F|  |TAMS 0x000000008bf00000, 0x000000008bf00000| Untracked 
| 152|0x000000008c000000, 0x000000008c000000, 0x000000008c100000|  0%| F|  |TAMS 0x000000008c000000, 0x000000008c000000| Untracked 
| 153|0x000000008c100000, 0x000000008c100000, 0x000000008c200000|  0%| F|  |TAMS 0x000000008c100000, 0x000000008c100000| Untracked 
| 154|0x000000008c200000, 0x000000008c200000, 0x000000008c300000|  0%| F|  |TAMS 0x000000008c200000, 0x000000008c200000| Untracked 
| 155|0x000000008c300000, 0x000000008c300000, 0x000000008c400000|  0%| F|  |TAMS 0x000000008c300000, 0x000000008c300000| Untracked 
| 156|0x000000008c400000, 0x000000008c400000, 0x000000008c500000|  0%| F|  |TAMS 0x000000008c400000, 0x000000008c400000| Untracked 
| 157|0x000000008c500000, 0x000000008c500000, 0x000000008c600000|  0%| F|  |TAMS 0x000000008c500000, 0x000000008c500000| Untracked 
| 158|0x000000008c600000, 0x000000008c600000, 0x000000008c700000|  0%| F|  |TAMS 0x000000008c600000, 0x000000008c600000| Untracked 
| 159|0x000000008c700000, 0x000000008c700000, 0x000000008c800000|  0%| F|  |TAMS 0x000000008c700000, 0x000000008c700000| Untracked 
| 160|0x000000008c800000, 0x000000008c800000, 0x000000008c900000|  0%| F|  |TAMS 0x000000008c800000, 0x000000008c800000| Untracked 
| 161|0x000000008c900000, 0x000000008c900000, 0x000000008ca00000|  0%| F|  |TAMS 0x000000008c900000, 0x000000008c900000| Untracked 
| 162|0x000000008ca00000, 0x000000008ca00000, 0x000000008cb00000|  0%| F|  |TAMS 0x000000008ca00000, 0x000000008ca00000| Untracked 
| 163|0x000000008cb00000, 0x000000008cb00000, 0x000000008cc00000|  0%| F|  |TAMS 0x000000008cb00000, 0x000000008cb00000| Untracked 
| 164|0x000000008cc00000, 0x000000008cc00000, 0x000000008cd00000|  0%| F|  |TAMS 0x000000008cc00000, 0x000000008cc00000| Untracked 
| 165|0x000000008cd00000, 0x000000008cd00000, 0x000000008ce00000|  0%| F|  |TAMS 0x000000008cd00000, 0x000000008cd00000| Untracked 
| 166|0x000000008ce00000, 0x000000008ce00000, 0x000000008cf00000|  0%| F|  |TAMS 0x000000008ce00000, 0x000000008ce00000| Untracked 
| 167|0x000000008cf00000, 0x000000008cf00000, 0x000000008d000000|  0%| F|  |TAMS 0x000000008cf00000, 0x000000008cf00000| Untracked 
| 168|0x000000008d000000, 0x000000008d000000, 0x000000008d100000|  0%| F|  |TAMS 0x000000008d000000, 0x000000008d000000| Untracked 
| 169|0x000000008d100000, 0x000000008d100000, 0x000000008d200000|  0%| F|  |TAMS 0x000000008d100000, 0x000000008d100000| Untracked 
| 170|0x000000008d200000, 0x000000008d200000, 0x000000008d300000|  0%| F|  |TAMS 0x000000008d200000, 0x000000008d200000| Untracked 
| 171|0x000000008d300000, 0x000000008d300000, 0x000000008d400000|  0%| F|  |TAMS 0x000000008d300000, 0x000000008d300000| Untracked 
| 172|0x000000008d400000, 0x000000008d400000, 0x000000008d500000|  0%| F|  |TAMS 0x000000008d400000, 0x000000008d400000| Untracked 
| 173|0x000000008d500000, 0x000000008d500000, 0x000000008d600000|  0%| F|  |TAMS 0x000000008d500000, 0x000000008d500000| Untracked 
| 174|0x000000008d600000, 0x000000008d600000, 0x000000008d700000|  0%| F|  |TAMS 0x000000008d600000, 0x000000008d600000| Untracked 
| 175|0x000000008d700000, 0x000000008d700000, 0x000000008d800000|  0%| F|  |TAMS 0x000000008d700000, 0x000000008d700000| Untracked 
| 176|0x000000008d800000, 0x000000008d800000, 0x000000008d900000|  0%| F|  |TAMS 0x000000008d800000, 0x000000008d800000| Untracked 
| 177|0x000000008d900000, 0x000000008d900000, 0x000000008da00000|  0%| F|  |TAMS 0x000000008d900000, 0x000000008d900000| Untracked 
| 178|0x000000008da00000, 0x000000008da00000, 0x000000008db00000|  0%| F|  |TAMS 0x000000008da00000, 0x000000008da00000| Untracked 
| 179|0x000000008db00000, 0x000000008db00000, 0x000000008dc00000|  0%| F|  |TAMS 0x000000008db00000, 0x000000008db00000| Untracked 
| 180|0x000000008dc00000, 0x000000008dc00000, 0x000000008dd00000|  0%| F|  |TAMS 0x000000008dc00000, 0x000000008dc00000| Untracked 
| 181|0x000000008dd00000, 0x000000008dd00000, 0x000000008de00000|  0%| F|  |TAMS 0x000000008dd00000, 0x000000008dd00000| Untracked 
| 182|0x000000008de00000, 0x000000008de00000, 0x000000008df00000|  0%| F|  |TAMS 0x000000008de00000, 0x000000008de00000| Untracked 
| 183|0x000000008df00000, 0x000000008df00000, 0x000000008e000000|  0%| F|  |TAMS 0x000000008df00000, 0x000000008df00000| Untracked 
| 184|0x000000008e000000, 0x000000008e000000, 0x000000008e100000|  0%| F|  |TAMS 0x000000008e000000, 0x000000008e000000| Untracked 
| 185|0x000000008e100000, 0x000000008e100000, 0x000000008e200000|  0%| F|  |TAMS 0x000000008e100000, 0x000000008e100000| Untracked 
| 186|0x000000008e200000, 0x000000008e200000, 0x000000008e300000|  0%| F|  |TAMS 0x000000008e200000, 0x000000008e200000| Untracked 
| 187|0x000000008e300000, 0x000000008e300000, 0x000000008e400000|  0%| F|  |TAMS 0x000000008e300000, 0x000000008e300000| Untracked 
| 188|0x000000008e400000, 0x000000008e400000, 0x000000008e500000|  0%| F|  |TAMS 0x000000008e400000, 0x000000008e400000| Untracked 
| 189|0x000000008e500000, 0x000000008e500000, 0x000000008e600000|  0%| F|  |TAMS 0x000000008e500000, 0x000000008e500000| Untracked 
| 190|0x000000008e600000, 0x000000008e600000, 0x000000008e700000|  0%| F|  |TAMS 0x000000008e600000, 0x000000008e600000| Untracked 
| 191|0x000000008e700000, 0x000000008e700000, 0x000000008e800000|  0%| F|  |TAMS 0x000000008e700000, 0x000000008e700000| Untracked 
| 192|0x000000008e800000, 0x000000008e800000, 0x000000008e900000|  0%| F|  |TAMS 0x000000008e800000, 0x000000008e800000| Untracked 
| 193|0x000000008e900000, 0x000000008e900000, 0x000000008ea00000|  0%| F|  |TAMS 0x000000008e900000, 0x000000008e900000| Untracked 
| 194|0x000000008ea00000, 0x000000008ea00000, 0x000000008eb00000|  0%| F|  |TAMS 0x000000008ea00000, 0x000000008ea00000| Untracked 
| 195|0x000000008eb00000, 0x000000008eb00000, 0x000000008ec00000|  0%| F|  |TAMS 0x000000008eb00000, 0x000000008eb00000| Untracked 
| 196|0x000000008ec00000, 0x000000008ec00000, 0x000000008ed00000|  0%| F|  |TAMS 0x000000008ec00000, 0x000000008ec00000| Untracked 
| 197|0x000000008ed00000, 0x000000008ed00000, 0x000000008ee00000|  0%| F|  |TAMS 0x000000008ed00000, 0x000000008ed00000| Untracked 
| 198|0x000000008ee00000, 0x000000008ee00000, 0x000000008ef00000|  0%| F|  |TAMS 0x000000008ee00000, 0x000000008ee00000| Untracked 
| 199|0x000000008ef00000, 0x000000008ef00000, 0x000000008f000000|  0%| F|  |TAMS 0x000000008ef00000, 0x000000008ef00000| Untracked 
| 200|0x000000008f000000, 0x000000008f000000, 0x000000008f100000|  0%| F|  |TAMS 0x000000008f000000, 0x000000008f000000| Untracked 
| 201|0x000000008f100000, 0x000000008f100000, 0x000000008f200000|  0%| F|  |TAMS 0x000000008f100000, 0x000000008f100000| Untracked 
| 202|0x000000008f200000, 0x000000008f200000, 0x000000008f300000|  0%| F|  |TAMS 0x000000008f200000, 0x000000008f200000| Untracked 
| 203|0x000000008f300000, 0x000000008f300000, 0x000000008f400000|  0%| F|  |TAMS 0x000000008f300000, 0x000000008f300000| Untracked 
| 204|0x000000008f400000, 0x000000008f400000, 0x000000008f500000|  0%| F|  |TAMS 0x000000008f400000, 0x000000008f400000| Untracked 
| 205|0x000000008f500000, 0x000000008f500000, 0x000000008f600000|  0%| F|  |TAMS 0x000000008f500000, 0x000000008f500000| Untracked 
| 206|0x000000008f600000, 0x000000008f600000, 0x000000008f700000|  0%| F|  |TAMS 0x000000008f600000, 0x000000008f600000| Untracked 
| 207|0x000000008f700000, 0x000000008f700000, 0x000000008f800000|  0%| F|  |TAMS 0x000000008f700000, 0x000000008f700000| Untracked 
| 208|0x000000008f800000, 0x000000008f800000, 0x000000008f900000|  0%| F|  |TAMS 0x000000008f800000, 0x000000008f800000| Untracked 
| 209|0x000000008f900000, 0x000000008f900000, 0x000000008fa00000|  0%| F|  |TAMS 0x000000008f900000, 0x000000008f900000| Untracked 
| 210|0x000000008fa00000, 0x000000008fa00000, 0x000000008fb00000|  0%| F|  |TAMS 0x000000008fa00000, 0x000000008fa00000| Untracked 
| 211|0x000000008fb00000, 0x000000008fb00000, 0x000000008fc00000|  0%| F|  |TAMS 0x000000008fb00000, 0x000000008fb00000| Untracked 
| 212|0x000000008fc00000, 0x000000008fc00000, 0x000000008fd00000|  0%| F|  |TAMS 0x000000008fc00000, 0x000000008fc00000| Untracked 
| 213|0x000000008fd00000, 0x000000008fd00000, 0x000000008fe00000|  0%| F|  |TAMS 0x000000008fd00000, 0x000000008fd00000| Untracked 

Card table byte_map: [0x00000145a0960000,0x00000145a0d50000] _byte_map_base: 0x00000145a054c000

Marking Bits (Prev, Next): (CMBitMap*) 0x0000014589a0b7f0, (CMBitMap*) 0x0000014589a0b830
 Prev Bits: [0x00000145a1140000, 0x00000145a30a0000)
 Next Bits: [0x00000145a30a0000, 0x00000145a5000000)

Polling page: 0x0000014587980000

Metaspace:

Usage:
  Non-class:     10.45 MB used.
      Class:      1.83 MB used.
       Both:     12.28 MB used.

Virtual space:
  Non-class space:       64.00 MB reserved,      10.56 MB ( 17%) committed,  1 nodes.
      Class space:        1.00 GB reserved,       1.94 MB ( <1%) committed,  1 nodes.
             Both:        1.06 GB reserved,      12.50 MB (  1%) committed. 

Chunk freelists:
   Non-Class:  5.06 MB
       Class:  14.02 MB
        Both:  19.08 MB

MaxMetaspaceSize: unlimited
CompressedClassSpaceSize: 1.00 GB
Initial GC threshold: 21.00 MB
Current GC threshold: 21.00 MB
CDS: on
MetaspaceReclaimPolicy: balanced
 - commit_granule_bytes: 65536.
 - commit_granule_words: 8192.
 - virtual_space_node_default_size: 8388608.
 - enlarge_chunks_in_place: 1.
 - new_chunks_are_fully_committed: 0.
 - uncommit_free_chunks: 1.
 - use_allocation_guard: 0.
 - handle_deallocations: 1.


Internal statistics:

num_allocs_failed_limit: 0.
num_arena_births: 134.
num_arena_deaths: 0.
num_vsnodes_births: 2.
num_vsnodes_deaths: 0.
num_space_committed: 200.
num_space_uncommitted: 0.
num_chunks_returned_to_freelist: 0.
num_chunks_taken_from_freelist: 594.
num_chunk_merges: 0.
num_chunk_splits: 367.
num_chunks_enlarged: 251.
num_inconsistent_stats: 0.

CodeHeap 'non-profiled nmethods': size=120000Kb used=1072Kb max_used=1072Kb free=118927Kb
 bounds [0x0000014598d10000, 0x0000014598f80000, 0x00000145a0240000]
CodeHeap 'profiled nmethods': size=120000Kb used=4447Kb max_used=4447Kb free=115552Kb
 bounds [0x0000014591240000, 0x00000145916a0000, 0x0000014598770000]
CodeHeap 'non-nmethods': size=5760Kb used=1190Kb max_used=1232Kb free=4569Kb
 bounds [0x0000014598770000, 0x00000145989e0000, 0x0000014598d10000]
 total_blobs=2741 nmethods=2256 adapters=397
 compilation: enabled
              stopped_count=0, restarted_count=0
 full_count=0

Compilation events (20 events):
Event: 2.316 Thread 0x00000145a7a61f00 2248       4       org.mockito.internal.stubbing.answers.InvocationInfo::isValidReturnType (55 bytes)
Event: 2.321 Thread 0x00000145a7a61f00 nmethod 2248 0x0000014598e1a290 code [0x0000014598e1a460, 0x0000014598e1a998]
Event: 2.325 Thread 0x00000145a7a62dc0 2249       3       java.util.ArrayList$ArrayListSpliterator::forEachRemaining (127 bytes)
Event: 2.325 Thread 0x00000145a7a62dc0 nmethod 2249 0x0000014591695810 code [0x0000014591695a00, 0x0000014591695fc8]
Event: 2.327 Thread 0x00000145a7a62dc0 2250       3       java.lang.Class::getAnnotation (22 bytes)
Event: 2.327 Thread 0x00000145a7a62dc0 nmethod 2250 0x0000014591696210 code [0x00000145916963e0, 0x0000014591696868]
Event: 2.327 Thread 0x00000145a7a62dc0 2251       3       java.lang.Integer::hashCode (8 bytes)
Event: 2.327 Thread 0x00000145a7a62dc0 nmethod 2251 0x0000014591696a10 code [0x0000014591696ba0, 0x0000014591696cf8]
Event: 2.327 Thread 0x00000145a7a62dc0 2252       3       java.lang.Integer::hashCode (2 bytes)
Event: 2.327 Thread 0x00000145a7a62dc0 nmethod 2252 0x0000014591696d90 code [0x0000014591696f20, 0x0000014591697018]
Event: 2.327 Thread 0x00000145a7a61f00 2253       4       java.util.LinkedHashMap::get (29 bytes)
Event: 2.327 Thread 0x00000145a7a62dc0 2254       3       java.lang.Boolean::hashCode (8 bytes)
Event: 2.327 Thread 0x00000145a7a62dc0 nmethod 2254 0x0000014591697090 code [0x0000014591697240, 0x0000014591697438]
Event: 2.327 Thread 0x00000145a7a62dc0 2256       3       java.util.Collections$UnmodifiableCollection::contains (11 bytes)
Event: 2.327 Thread 0x00000145a7a62dc0 nmethod 2256 0x0000014591697510 code [0x00000145916976c0, 0x0000014591697888]
Event: 2.327 Thread 0x00000145a7a62dc0 2255       3       java.lang.Boolean::hashCode (14 bytes)
Event: 2.328 Thread 0x00000145a7a62dc0 nmethod 2255 0x0000014591697990 code [0x0000014591697b20, 0x0000014591697c98]
Event: 2.332 Thread 0x00000145a7a61f00 nmethod 2253 0x0000014598e1af10 code [0x0000014598e1b0c0, 0x0000014598e1b778]
Event: 2.391 Thread 0x00000145a7a61f00 2257       4       java.util.AbstractSequentialList::iterator (5 bytes)
Event: 2.394 Thread 0x00000145a7a61f00 nmethod 2257 0x0000014598e1bb90 code [0x0000014598e1bd20, 0x0000014598e1bf58]

GC Heap History (20 events):
Event: 1.590 GC heap after
{Heap after GC invocations=5 (full 0):
 garbage-first heap   total 129024K, used 12638K [0x0000000082800000, 0x0000000100000000)
  region size 1024K, 4 young (4096K), 4 survivors (4096K)
 Metaspace       used 12542K, committed 12736K, reserved 1114112K
  class space    used 1875K, committed 1984K, reserved 1048576K
}
Event: 1.663 GC heap before
{Heap before GC invocations=5 (full 0):
 garbage-first heap   total 129024K, used 85342K [0x0000000082800000, 0x0000000100000000)
  region size 1024K, 75 young (76800K), 4 survivors (4096K)
 Metaspace       used 12546K, committed 12736K, reserved 1114112K
  class space    used 1875K, committed 1984K, reserved 1048576K
}
Event: 1.666 GC heap after
{Heap after GC invocations=6 (full 0):
 garbage-first heap   total 129024K, used 13076K [0x0000000082800000, 0x0000000100000000)
  region size 1024K, 4 young (4096K), 4 survivors (4096K)
 Metaspace       used 12546K, committed 12736K, reserved 1114112K
  class space    used 1875K, committed 1984K, reserved 1048576K
}
Event: 1.723 GC heap before
{Heap before GC invocations=6 (full 0):
 garbage-first heap   total 129024K, used 85780K [0x0000000082800000, 0x0000000100000000)
  region size 1024K, 75 young (76800K), 4 survivors (4096K)
 Metaspace       used 12546K, committed 12736K, reserved 1114112K
  class space    used 1875K, committed 1984K, reserved 1048576K
}
Event: 1.726 GC heap after
{Heap after GC invocations=7 (full 0):
 garbage-first heap   total 155648K, used 12916K [0x0000000082800000, 0x0000000100000000)
  region size 1024K, 4 young (4096K), 4 survivors (4096K)
 Metaspace       used 12546K, committed 12736K, reserved 1114112K
  class space    used 1875K, committed 1984K, reserved 1048576K
}
Event: 1.811 GC heap before
{Heap before GC invocations=7 (full 0):
 garbage-first heap   total 155648K, used 102004K [0x0000000082800000, 0x0000000100000000)
  region size 1024K, 91 young (93184K), 4 survivors (4096K)
 Metaspace       used 12553K, committed 12736K, reserved 1114112K
  class space    used 1875K, committed 1984K, reserved 1048576K
}
Event: 1.814 GC heap after
{Heap after GC invocations=8 (full 0):
 garbage-first heap   total 155648K, used 13288K [0x0000000082800000, 0x0000000100000000)
  region size 1024K, 4 young (4096K), 4 survivors (4096K)
 Metaspace       used 12553K, committed 12736K, reserved 1114112K
  class space    used 1875K, committed 1984K, reserved 1048576K
}
Event: 1.883 GC heap before
{Heap before GC invocations=8 (full 0):
 garbage-first heap   total 155648K, used 102376K [0x0000000082800000, 0x0000000100000000)
  region size 1024K, 91 young (93184K), 4 survivors (4096K)
 Metaspace       used 12556K, committed 12736K, reserved 1114112K
  class space    used 1875K, committed 1984K, reserved 1048576K
}
Event: 1.886 GC heap after
{Heap after GC invocations=9 (full 0):
 garbage-first heap   total 155648K, used 13534K [0x0000000082800000, 0x0000000100000000)
  region size 1024K, 5 young (5120K), 5 survivors (5120K)
 Metaspace       used 12556K, committed 12736K, reserved 1114112K
  class space    used 1875K, committed 1984K, reserved 1048576K
}
Event: 1.962 GC heap before
{Heap before GC invocations=9 (full 0):
 garbage-first heap   total 155648K, used 101598K [0x0000000082800000, 0x0000000100000000)
  region size 1024K, 91 young (93184K), 5 survivors (5120K)
 Metaspace       used 12559K, committed 12736K, reserved 1114112K
  class space    used 1875K, committed 1984K, reserved 1048576K
}
Event: 1.965 GC heap after
{Heap after GC invocations=10 (full 0):
 garbage-first heap   total 155648K, used 13806K [0x0000000082800000, 0x0000000100000000)
  region size 1024K, 5 young (5120K), 5 survivors (5120K)
 Metaspace       used 12559K, committed 12736K, reserved 1114112K
  class space    used 1875K, committed 1984K, reserved 1048576K
}
Event: 2.040 GC heap before
{Heap before GC invocations=10 (full 0):
 garbage-first heap   total 155648K, used 101870K [0x0000000082800000, 0x0000000100000000)
  region size 1024K, 91 young (93184K), 5 survivors (5120K)
 Metaspace       used 12561K, committed 12736K, reserved 1114112K
  class space    used 1875K, committed 1984K, reserved 1048576K
}
Event: 2.044 GC heap after
{Heap after GC invocations=11 (full 0):
 garbage-first heap   total 219136K, used 13559K [0x0000000082800000, 0x0000000100000000)
  region size 1024K, 5 young (5120K), 5 survivors (5120K)
 Metaspace       used 12561K, committed 12736K, reserved 1114112K
  class space    used 1875K, committed 1984K, reserved 1048576K
}
Event: 2.166 GC heap before
{Heap before GC invocations=11 (full 0):
 garbage-first heap   total 219136K, used 139511K [0x0000000082800000, 0x0000000100000000)
  region size 1024K, 128 young (131072K), 5 survivors (5120K)
 Metaspace       used 12576K, committed 12736K, reserved 1114112K
  class space    used 1875K, committed 1984K, reserved 1048576K
}
Event: 2.169 GC heap after
{Heap after GC invocations=12 (full 0):
 garbage-first heap   total 219136K, used 14136K [0x0000000082800000, 0x0000000100000000)
  region size 1024K, 5 young (5120K), 5 survivors (5120K)
 Metaspace       used 12576K, committed 12736K, reserved 1114112K
  class space    used 1875K, committed 1984K, reserved 1048576K
}
Event: 2.256 GC heap before
{Heap before GC invocations=12 (full 0):
 garbage-first heap   total 219136K, used 140088K [0x0000000082800000, 0x0000000100000000)
  region size 1024K, 128 young (131072K), 5 survivors (5120K)
 Metaspace       used 12576K, committed 12736K, reserved 1114112K
  class space    used 1875K, committed 1984K, reserved 1048576K
}
Event: 2.259 GC heap after
{Heap after GC invocations=13 (full 0):
 garbage-first heap   total 219136K, used 14312K [0x0000000082800000, 0x0000000100000000)
  region size 1024K, 5 young (5120K), 5 survivors (5120K)
 Metaspace       used 12576K, committed 12736K, reserved 1114112K
  class space    used 1875K, committed 1984K, reserved 1048576K
}
Event: 2.353 GC heap before
{Heap before GC invocations=13 (full 0):
 garbage-first heap   total 219136K, used 140264K [0x0000000082800000, 0x0000000100000000)
  region size 1024K, 128 young (131072K), 5 survivors (5120K)
 Metaspace       used 12579K, committed 12800K, reserved 1114112K
  class space    used 1875K, committed 1984K, reserved 1048576K
}
Event: 2.357 GC heap after
{Heap after GC invocations=14 (full 0):
 garbage-first heap   total 219136K, used 14884K [0x0000000082800000, 0x0000000100000000)
  region size 1024K, 6 young (6144K), 6 survivors (6144K)
 Metaspace       used 12579K, committed 12800K, reserved 1114112K
  class space    used 1875K, committed 1984K, reserved 1048576K
}
Event: 2.444 GC heap before
{Heap before GC invocations=14 (full 0):
 garbage-first heap   total 219136K, used 139812K [0x0000000082800000, 0x0000000100000000)
  region size 1024K, 128 young (131072K), 6 survivors (6144K)
 Metaspace       used 12579K, committed 12800K, reserved 1114112K
  class space    used 1875K, committed 1984K, reserved 1048576K
}

Deoptimization events (20 events):
Event: 1.491 Thread 0x00000145899adfb0 DEOPT PACKING pc=0x0000014598dd274c sp=0x00000022c2dfc430
Event: 1.491 Thread 0x00000145899adfb0 DEOPT UNPACKING pc=0x00000145987c23a3 sp=0x00000022c2dfc3f0 mode 2
Event: 1.521 Thread 0x00000145899adfb0 DEOPT PACKING pc=0x0000014591660089 sp=0x00000022c2dfa460
Event: 1.521 Thread 0x00000145899adfb0 DEOPT UNPACKING pc=0x00000145987c2b43 sp=0x00000022c2df99a8 mode 0
Event: 1.523 Thread 0x00000145899adfb0 DEOPT PACKING pc=0x0000014591660089 sp=0x00000022c2dfa460
Event: 1.523 Thread 0x00000145899adfb0 DEOPT UNPACKING pc=0x00000145987c2b43 sp=0x00000022c2df99a8 mode 0
Event: 1.524 Thread 0x00000145899adfb0 DEOPT PACKING pc=0x0000014591660089 sp=0x00000022c2dfa460
Event: 1.524 Thread 0x00000145899adfb0 DEOPT UNPACKING pc=0x00000145987c2b43 sp=0x00000022c2df99a8 mode 0
Event: 1.526 Thread 0x00000145899adfb0 DEOPT PACKING pc=0x0000014591660089 sp=0x00000022c2dfa460
Event: 1.526 Thread 0x00000145899adfb0 DEOPT UNPACKING pc=0x00000145987c2b43 sp=0x00000022c2df99a8 mode 0
Event: 1.528 Thread 0x00000145899adfb0 DEOPT PACKING pc=0x0000014591660089 sp=0x00000022c2dfa460
Event: 1.528 Thread 0x00000145899adfb0 DEOPT UNPACKING pc=0x00000145987c2b43 sp=0x00000022c2df99a8 mode 0
Event: 1.766 Thread 0x00000145899adfb0 Uncommon trap: trap_request=0xffffff45 fr.pc=0x0000014598dfb400 relative=0x0000000000000840
Event: 1.766 Thread 0x00000145899adfb0 Uncommon trap: reason=unstable_if action=reinterpret pc=0x0000014598dfb400 method=jdk.internal.math.FDBigInteger.leftShift(I)Ljdk/internal/math/FDBigInteger; @ 323 c2
Event: 1.766 Thread 0x00000145899adfb0 DEOPT PACKING pc=0x0000014598dfb400 sp=0x00000022c2dfb840
Event: 1.766 Thread 0x00000145899adfb0 DEOPT UNPACKING pc=0x00000145987c23a3 sp=0x00000022c2dfb7c0 mode 2
Event: 1.911 Thread 0x00000145899adfb0 Uncommon trap: trap_request=0xfffffff4 fr.pc=0x0000014598e08694 relative=0x0000000000001074
Event: 1.911 Thread 0x00000145899adfb0 Uncommon trap: reason=null_check action=make_not_entrant pc=0x0000014598e08694 method=java.lang.Class.getGenericSuperclass()Ljava/lang/reflect/Type; @ 10 c2
Event: 1.911 Thread 0x00000145899adfb0 DEOPT PACKING pc=0x0000014598e08694 sp=0x00000022c2dfa4c0
Event: 1.911 Thread 0x00000145899adfb0 DEOPT UNPACKING pc=0x00000145987c23a3 sp=0x00000022c2dfa420 mode 2

Classes unloaded (0 events):
No events

Classes redefined (0 events):
No events

Internal exceptions (20 events):
Event: 0.419 Thread 0x00000145899adfb0 Exception <a 'java/lang/NoSuchMethodError'{0x0000000089873f18}: 'void java.lang.invoke.DirectMethodHandle$Holder.invokeStaticInit(java.lang.Object)'> (0x0000000089873f18) 
thrown [s\open\src\hotspot\share\interpreter\linkResolver.cpp, line 759]
Event: 0.438 Thread 0x00000145899adfb0 Exception <a 'java/lang/NoSuchMethodError'{0x0000000089761898}: 'int java.lang.invoke.DirectMethodHandle$Holder.invokeStaticInit(java.lang.Object, java.lang.Object)'> (0x0000000089761898) 
thrown [s\open\src\hotspot\share\interpreter\linkResolver.cpp, line 759]
Event: 0.457 Thread 0x00000145899adfb0 Exception <a 'java/lang/NoSuchMethodError'{0x0000000089617320}: 'java.lang.Object java.lang.invoke.DirectMethodHandle$Holder.newInvokeSpecial(java.lang.Object, java.lang.Object, java.lang.Object, java.lang.Object, java.lang.Object, java.lang.Object, java.lang.Object)'> (0x0000000089617320) 
thrown [s\open\src\hotspot\share\interpreter\linkResolver.cpp, line 759]
Event: 0.458 Thread 0x00000145899adfb0 Exception <a 'java/lang/NoSuchMethodError'{0x000000008961bed8}: 'java.lang.Object java.lang.invoke.Invokers$Holder.linkToTargetMethod(java.lang.Object, java.lang.Object, java.lang.Object, java.lang.Object, java.lang.Object, java.lang.Object, java.lang.Object)'> (0x000000008961bed8) 
thrown [s\open\src\hotspot\share\interpreter\linkResolver.cpp, line 759]
Event: 0.460 Thread 0x00000145899adfb0 Exception <a 'java/lang/NoSuchMethodError'{0x0000000089630140}: 'java.lang.Object java.lang.invoke.DirectMethodHandle$Holder.invokeInterface(java.lang.Object, java.lang.Object, java.lang.Object, java.lang.Object, java.lang.Object)'> (0x0000000089630140) 
thrown [s\open\src\hotspot\share\interpreter\linkResolver.cpp, line 759]
Event: 0.460 Thread 0x00000145899adfb0 Exception <a 'java/lang/IncompatibleClassChangeError'{0x0000000089633f38}: Found class java.lang.Object, but interface was expected> (0x0000000089633f38) 
thrown [s\open\src\hotspot\share\interpreter\linkResolver.cpp, line 826]
Event: 0.844 Thread 0x00000145899adfb0 Exception <a 'java/lang/NoSuchMethodError'{0x0000000089e403c8}: 'int java.lang.invoke.DirectMethodHandle$Holder.invokeStaticInit(java.lang.Object, java.lang.Object, java.lang.Object, java.lang.Object)'> (0x0000000089e403c8) 
thrown [s\open\src\hotspot\share\interpreter\linkResolver.cpp, line 759]
Event: 0.845 Thread 0x00000145899adfb0 Exception <a 'java/lang/IncompatibleClassChangeError'{0x0000000089e49a40}: Found class java.lang.Object, but interface was expected> (0x0000000089e49a40) 
thrown [s\open\src\hotspot\share\interpreter\linkResolver.cpp, line 826]
Event: 0.845 Thread 0x00000145899adfb0 Exception <a 'java/lang/NoSuchMethodError'{0x0000000089e4cf08}: 'void java.lang.invoke.DirectMethodHandle$Holder.invokeStaticInit(java.lang.Object, java.lang.Object)'> (0x0000000089e4cf08) 
thrown [s\open\src\hotspot\share\interpreter\linkResolver.cpp, line 759]
Event: 0.907 Thread 0x00000145899adfb0 Exception <a 'java/lang/ClassNotFoundException'{0x0000000089b117d0}: java/lang/ClassLoader$ByteBuddyAccessor$fySqU0Yr> (0x0000000089b117d0) 
thrown [s\open\src\hotspot\share\classfile\systemDictionary.cpp, line 256]
Event: 1.074 Thread 0x00000145899adfb0 Exception <a 'java/lang/NoSuchMethodError'{0x0000000089392b68}: 'int java.lang.invoke.DirectMethodHandle$Holder.invokeInterface(java.lang.Object, java.lang.Object)'> (0x0000000089392b68) 
thrown [s\open\src\hotspot\share\interpreter\linkResolver.cpp, line 759]
Event: 1.092 Thread 0x00000145899adfb0 Exception <a 'java/lang/IncompatibleClassChangeError'{0x00000000892aa388}: Found class java.lang.Object, but interface was expected> (0x00000000892aa388) 
thrown [s\open\src\hotspot\share\interpreter\linkResolver.cpp, line 826]
Event: 1.093 Thread 0x00000145899adfb0 Exception <a 'java/lang/NoSuchMethodError'{0x00000000892ba7a0}: 'java.lang.Object java.lang.invoke.DirectMethodHandle$Holder.invokeInterface(java.lang.Object, java.lang.Object, java.lang.Object)'> (0x00000000892ba7a0) 
thrown [s\open\src\hotspot\share\interpreter\linkResolver.cpp, line 759]
Event: 1.094 Thread 0x00000145899adfb0 Exception <a 'java/lang/IncompatibleClassChangeError'{0x00000000892be110}: Found class java.lang.Object, but interface was expected> (0x00000000892be110) 
thrown [s\open\src\hotspot\share\interpreter\linkResolver.cpp, line 826]
Event: 1.094 Thread 0x00000145899adfb0 Exception <a 'java/lang/IncompatibleClassChangeError'{0x00000000892c2508}: Found class java.lang.Object, but interface was expected> (0x00000000892c2508) 
thrown [s\open\src\hotspot\share\interpreter\linkResolver.cpp, line 826]
Event: 1.117 Thread 0x00000145899adfb0 Exception <a 'java/lang/NoSuchMethodError'{0x00000000890454a8}: 'void java.lang.invoke.DirectMethodHandle$Holder.invokeInterface(java.lang.Object, java.lang.Object, java.lang.Object, java.lang.Object, java.lang.Object)'> (0x00000000890454a8) 
thrown [s\open\src\hotspot\share\interpreter\linkResolver.cpp, line 759]
Event: 1.118 Thread 0x00000145899adfb0 Exception <a 'java/lang/IncompatibleClassChangeError'{0x0000000089049208}: Found class java.lang.Object, but interface was expected> (0x0000000089049208) 
thrown [s\open\src\hotspot\share\interpreter\linkResolver.cpp, line 826]
Event: 1.118 Thread 0x00000145899adfb0 Exception <a 'java/lang/IncompatibleClassChangeError'{0x0000000089053298}: Found class java.lang.Object, but interface was expected> (0x0000000089053298) 
thrown [s\open\src\hotspot\share\interpreter\linkResolver.cpp, line 826]
Event: 1.125 Thread 0x00000145899adfb0 Exception <a 'java/lang/IncompatibleClassChangeError'{0x00000000890e5cd8}: Found class java.lang.Object, but interface was expected> (0x00000000890e5cd8) 
thrown [s\open\src\hotspot\share\interpreter\linkResolver.cpp, line 826]
Event: 1.911 Thread 0x00000145899adfb0 Implicit null exception at 0x0000014598e07903 to 0x0000014598e08674

VM Operations (20 events):
Event: 1.590 Executing VM operation: G1CollectForAllocation done
Event: 1.663 Executing VM operation: G1CollectForAllocation
Event: 1.666 Executing VM operation: G1CollectForAllocation done
Event: 1.722 Executing VM operation: G1CollectForAllocation
Event: 1.726 Executing VM operation: G1CollectForAllocation done
Event: 1.811 Executing VM operation: G1CollectForAllocation
Event: 1.814 Executing VM operation: G1CollectForAllocation done
Event: 1.883 Executing VM operation: G1CollectForAllocation
Event: 1.886 Executing VM operation: G1CollectForAllocation done
Event: 1.962 Executing VM operation: G1CollectForAllocation
Event: 1.965 Executing VM operation: G1CollectForAllocation done
Event: 2.040 Executing VM operation: G1CollectForAllocation
Event: 2.044 Executing VM operation: G1CollectForAllocation done
Event: 2.166 Executing VM operation: G1CollectForAllocation
Event: 2.169 Executing VM operation: G1CollectForAllocation done
Event: 2.256 Executing VM operation: G1CollectForAllocation
Event: 2.259 Executing VM operation: G1CollectForAllocation done
Event: 2.353 Executing VM operation: G1CollectForAllocation
Event: 2.357 Executing VM operation: G1CollectForAllocation done
Event: 2.444 Executing VM operation: G1CollectForAllocation

Events (20 events):
Event: 1.476 loading class java/util/Currency
Event: 1.476 loading class java/util/Currency done
Event: 1.477 loading class java/util/UUID
Event: 1.477 loading class java/util/UUID done
Event: 1.488 loading class java/util/concurrent/ConcurrentHashMap$ValueSpliterator
Event: 1.488 loading class java/util/concurrent/ConcurrentHashMap$ValueSpliterator done
Event: 1.489 loading class java/util/stream/SortedOps$RefSortingSink
Event: 1.489 loading class java/util/stream/SortedOps$RefSortingSink done
Event: 1.492 loading class java/util/concurrent/CompletableFuture
Event: 1.493 loading class java/util/concurrent/CompletionStage
Event: 1.493 loading class java/util/concurrent/CompletionStage done
Event: 1.493 loading class java/util/concurrent/CompletableFuture done
Event: 1.493 loading class java/util/concurrent/CompletableFuture$AltResult
Event: 1.493 loading class java/util/concurrent/CompletableFuture$AltResult done
Event: 1.493 loading class java/util/concurrent/CompletableFuture$Completion
Event: 1.493 loading class java/util/concurrent/CompletableFuture$AsynchronousCompletionTask
Event: 1.493 loading class java/util/concurrent/CompletableFuture$AsynchronousCompletionTask done
Event: 1.493 loading class java/util/concurrent/CompletableFuture$Completion done
Event: 1.766 Thread 0x00000145edb6c610 Thread exited: 0x00000145edb6c610
Event: 2.171 Thread 0x00000145a7e154f0 Thread exited: 0x00000145a7e154f0


Dynamic libraries:
0x00007ff6dd200000 - 0x00007ff6dd210000 	C:\Program Files\Java\jdk-17\bin\java.exe
0x00007fffb5470000 - 0x00007fffb5686000 	C:\WINDOWS\SYSTEM32\ntdll.dll
0x00007fff7fd70000 - 0x00007fff7fd89000 	C:\Program Files\Avast Software\Avast\aswhook.dll
0x00007fffb3d50000 - 0x00007fffb3e14000 	C:\WINDOWS\System32\KERNEL32.DLL
0x00007fffb2e10000 - 0x00007fffb31b6000 	C:\WINDOWS\System32\KERNELBASE.dll
0x00007fffb2c50000 - 0x00007fffb2d61000 	C:\WINDOWS\System32\ucrtbase.dll
0x00007fffaf350000 - 0x00007fffaf369000 	C:\Program Files\Java\jdk-17\bin\jli.dll
0x00007fffaf560000 - 0x00007fffaf57b000 	C:\Program Files\Java\jdk-17\bin\VCRUNTIME140.dll
0x00007fffb4ea0000 - 0x00007fffb4f52000 	C:\WINDOWS\System32\ADVAPI32.dll
0x00007fffb3e30000 - 0x00007fffb3ed7000 	C:\WINDOWS\System32\msvcrt.dll
0x00007fffb5280000 - 0x00007fffb5328000 	C:\WINDOWS\System32\sechost.dll
0x00007fffb2d70000 - 0x00007fffb2d98000 	C:\WINDOWS\System32\bcrypt.dll
0x00007fffb3780000 - 0x00007fffb3895000 	C:\WINDOWS\System32\RPCRT4.dll
0x00007fffb38a0000 - 0x00007fffb3a4d000 	C:\WINDOWS\System32\USER32.dll
0x00007fffb27b0000 - 0x00007fffb27d6000 	C:\WINDOWS\System32\win32u.dll
0x00007fffa11f0000 - 0x00007fffa1483000 	C:\WINDOWS\WinSxS\amd64_microsoft.windows.common-controls_6595b64144ccf1df_6.0.22621.3235_none_270f74e173860f98\COMCTL32.dll
0x00007fffb50e0000 - 0x00007fffb5109000 	C:\WINDOWS\System32\GDI32.dll
0x00007fffb2b30000 - 0x00007fffb2c48000 	C:\WINDOWS\System32\gdi32full.dll
0x00007fffb2a90000 - 0x00007fffb2b2a000 	C:\WINDOWS\System32\msvcp_win.dll
0x00007fffa48e0000 - 0x00007fffa48ea000 	C:\WINDOWS\SYSTEM32\VERSION.dll
0x00007fffb3ad0000 - 0x00007fffb3b01000 	C:\WINDOWS\System32\IMM32.DLL
0x00007fffaf720000 - 0x00007fffaf72c000 	C:\Program Files\Java\jdk-17\bin\vcruntime140_1.dll
0x00007fffa8b90000 - 0x00007fffa8c1e000 	C:\Program Files\Java\jdk-17\bin\msvcp140.dll
0x00007fff63700000 - 0x00007fff642e1000 	C:\Program Files\Java\jdk-17\bin\server\jvm.dll
0x00007fffb3d40000 - 0x00007fffb3d48000 	C:\WINDOWS\System32\PSAPI.DLL
0x00007fffaac40000 - 0x00007fffaac74000 	C:\WINDOWS\SYSTEM32\WINMM.dll
0x00007fff98ec0000 - 0x00007fff98ec9000 	C:\WINDOWS\SYSTEM32\WSOCK32.dll
0x00007fffb3cc0000 - 0x00007fffb3d31000 	C:\WINDOWS\System32\WS2_32.dll
0x00007fffb18e0000 - 0x00007fffb18f8000 	C:\WINDOWS\SYSTEM32\kernel.appcore.dll
0x00007fffaf700000 - 0x00007fffaf70a000 	C:\Program Files\Java\jdk-17\bin\jimage.dll
0x00007fffb00e0000 - 0x00007fffb0313000 	C:\WINDOWS\SYSTEM32\DBGHELP.DLL
0x00007fffb31c0000 - 0x00007fffb3548000 	C:\WINDOWS\System32\combase.dll
0x00007fffb3be0000 - 0x00007fffb3cb7000 	C:\WINDOWS\System32\OLEAUT32.dll
0x00007fffa4380000 - 0x00007fffa43b2000 	C:\WINDOWS\SYSTEM32\dbgcore.DLL
0x00007fffb2a10000 - 0x00007fffb2a8a000 	C:\WINDOWS\System32\bcryptPrimitives.dll
0x00007fffaf5c0000 - 0x00007fffaf5ce000 	C:\Program Files\Java\jdk-17\bin\instrument.dll
0x00007fffae770000 - 0x00007fffae795000 	C:\Program Files\Java\jdk-17\bin\java.dll
0x00007fffa8a60000 - 0x00007fffa8b37000 	C:\Program Files\Java\jdk-17\bin\jsvml.dll
0x00007fffb3ee0000 - 0x00007fffb473d000 	C:\WINDOWS\System32\SHELL32.dll
0x00007fffb0720000 - 0x00007fffb1018000 	C:\WINDOWS\SYSTEM32\windows.storage.dll
0x00007fffb05e0000 - 0x00007fffb071e000 	C:\WINDOWS\SYSTEM32\wintypes.dll
0x00007fffb4fc0000 - 0x00007fffb50b3000 	C:\WINDOWS\System32\SHCORE.dll
0x00007fffb4960000 - 0x00007fffb49be000 	C:\WINDOWS\System32\shlwapi.dll
0x00007fffb26e0000 - 0x00007fffb2706000 	C:\WINDOWS\SYSTEM32\profapi.dll
0x00007fffacd70000 - 0x00007fffacd88000 	C:\Program Files\Java\jdk-17\bin\zip.dll
0x00007fffaf330000 - 0x00007fffaf349000 	C:\Program Files\Java\jdk-17\bin\net.dll
0x00007fffac050000 - 0x00007fffac187000 	C:\WINDOWS\SYSTEM32\WINHTTP.dll
0x00007fffb1d60000 - 0x00007fffb1dc9000 	C:\WINDOWS\system32\mswsock.dll
0x00007fffaf1e0000 - 0x00007fffaf1f6000 	C:\Program Files\Java\jdk-17\bin\nio.dll
0x00007fffac5e0000 - 0x00007fffac5fa000 	C:\Program Files\JetBrains\IntelliJ IDEA 2021.3\bin\breakgen64.dll
0x00007fffaf670000 - 0x00007fffaf680000 	C:\Program Files\Java\jdk-17\bin\verify.dll

dbghelp: loaded successfully - version: 4.0.5 - missing functions: none
symbol engine: initialized successfully - sym options: 0x614 - pdb path: .;C:\Program Files\Java\jdk-17\bin;C:\WINDOWS\SYSTEM32;C:\Program Files\Avast Software\Avast;C:\WINDOWS\WinSxS\amd64_microsoft.windows.common-controls_6595b64144ccf1df_6.0.22621.3235_none_270f74e173860f98;C:\Program Files\Java\jdk-17\bin\server;C:\Program Files\JetBrains\IntelliJ IDEA 2021.3\bin

VM Arguments:
jvm_args: -ea -Didea.test.cyclic.buffer.size=1048576 -javaagent:C:\Program Files\JetBrains\IntelliJ IDEA 2021.3\lib\idea_rt.jar=63464:C:\Program Files\JetBrains\IntelliJ IDEA 2021.3\bin -Dfile.encoding=windows-1251 
java_command: com.intellij.rt.junit.JUnitStarter -ideVersion5 -junit5 SystemTest
java_class_path (initial): C:\Users\\.m2\repository\org\junit\platform\junit-platform-launcher\1.9.2\junit-platform-launcher-1.9.2.jar;C:\Users\\.m2\repository\org\junit\platform\junit-platform-engine\1.9.2\junit-platform-engine-1.9.2.jar;C:\Users\\.m2\repository\org\junit\jupiter\junit-jupiter-engine\5.9.2\junit-jupiter-engine-5.9.2.jar;C:\Program Files\JetBrains\IntelliJ IDEA 2021.3\lib\idea_rt.jar;C:\Program Files\JetBrains\IntelliJ IDEA 2021.3\plugins\junit\lib\junit5-rt.jar;C:\Program Files\JetBrains\IntelliJ IDEA 2021.3\plugins\junit\lib\junit-rt.jar;C:\Users\\Documents\\\lab2\target\test-classes;C:\Users\\Documents\\\lab2\target\classes;C:\Users\\.m2\repository\org\mockito\mockito-core\4.3.1\mockito-core-4.3.1.jar;C:\Users\\.m2\repository\net\bytebuddy\byte-buddy\1.12.7\byte-buddy-1.12.7.jar;C:\Users\\.m2\repository\net\bytebuddy\byte-buddy-agent\1.12.7\byte-buddy-agent-1.12.7.jar;C:\Users\\.m2\repository\org\objenesis\objenesis\3.2\objenesis-3.2.jar;C:\Users\\.m2\repository\com\opencsv\opencsv\5.5.2\opencsv-5.5.2.jar;C:\Users\\.m2\repository\org\apache\commons\commons-lang3\3.12.0\commons-lang3-3.12.0.jar;C:\Users\\.m2\repository\org\apache\commons\commons-text\1.9\commons-text-1.9.jar;C:\Users\\.m2\repository\commons-beanutils\commons-beanutils\1.9.4\commons-beanutils-1.9.4.jar;C:\Users\\.m2\repository\commons-logging\commons-logging\1.2\commons-logging-1.2.jar;C:\Users\\.m2\repository\commons-collections\commons-collections\3.2.2\commons-collections-3.2.2.jar;C:\Users\\.m2\repository\org\apache\commons\commons-collections4\4.4\commons-collections4-4.4.jar;C:\Users\\.m2\repository\org\junit\jupiter\junit-jupiter-params\5.8.2\junit-jupiter-params-5.8.2.jar;C:\Users\\.m2\repository\org\apiguardian\apiguardian-api\1.1.2\apiguardian-api-1.1.2.jar;C:\Users\\.m2\repository\org\projectlombok\lombok\1.18.26\lombok-1.18.26.jar;C:\Users\\.m2\repository\org\junit\jupiter\
Launcher Type: SUN_STANDARD

[Global flags]
     intx CICompilerCount                          = 4                                         {product} {ergonomic}
     uint ConcGCThreads                            = 2                                         {product} {ergonomic}
     uint G1ConcRefinementThreads                  = 8                                         {product} {ergonomic}
   size_t G1HeapRegionSize                         = 1048576                                   {product} {ergonomic}
    uintx GCDrainStackTargetSize                   = 64                                        {product} {ergonomic}
   size_t InitialHeapSize                          = 132120576                                 {product} {ergonomic}
   size_t MarkStackSize                            = 4194304                                   {product} {ergonomic}
   size_t MaxHeapSize                              = 2105540608                                {product} {ergonomic}
   size_t MaxNewSize                               = 1262485504                                {product} {ergonomic}
   size_t MinHeapDeltaBytes                        = 1048576                                   {product} {ergonomic}
   size_t MinHeapSize                              = 8388608                                   {product} {ergonomic}
    uintx NonNMethodCodeHeapSize                   = 5839372                                {pd product} {ergonomic}
    uintx NonProfiledCodeHeapSize                  = 122909434                              {pd product} {ergonomic}
    uintx ProfiledCodeHeapSize                     = 122909434                              {pd product} {ergonomic}
    uintx ReservedCodeCacheSize                    = 251658240                              {pd product} {ergonomic}
     bool SegmentedCodeCache                       = true                                      {product} {ergonomic}
   size_t SoftMaxHeapSize                          = 2105540608                             {manageable} {ergonomic}
     bool UseCompressedClassPointers               = true                           {product lp64_product} {ergonomic}
     bool UseCompressedOops                        = true                           {product lp64_product} {ergonomic}
     bool UseG1GC                                  = true                                      {product} {ergonomic}
     bool UseLargePagesIndividualAllocation        = false                                  {pd product} {ergonomic}

Logging:
Log output configuration:
 #0: stdout all=warning uptime,level,tags
 #1: stderr all=off uptime,level,tags

Environment Variables:
JAVA_HOME=C:\Program Files\Java\jdk1.8.0_301
PATH=C:\Program Files\Common Files\Oracle\Java\javapath;C:\Program Files\Microsoft\jdk-11.0.16.101-hotspot\bin;C:\Program Files (x86)\Common Files\Oracle\Java\javapath;C:\Windows\system32;C:\Windows;C:\Windows\System32\Wbem;C:\Windows\System32\WindowsPowerShell\v1.0\;C:\Windows\System32\OpenSSH\;C:\Program Files (x86)\NVIDIA Corporation\PhysX\Common;C:\Program Files\NVIDIA Corporation\NVIDIA NvDLISR;C:\Program Files\Java\jdk1.8.0_301\bin;C:\Program Files\PuTTY\;C:\WINDOWS\system32;C:\WINDOWS;C:\WINDOWS\System32\Wbem;C:\WINDOWS\System32\WindowsPowerShell\v1.0\;C:\WINDOWS\System32\OpenSSH\;C:\Program Files\MiKTeX\miktex\bin\x64\;C:\php;C:\Program Files\nodejs\;C:\Program Files\Microsoft SQL Server\150\Tools\Binn\;C:\Program Files\Microsoft SQL Server\Client SDK\ODBC\170\Tools\Binn\;C:\Program Files\dotnet\;C:\Program Files (x86)\Windows Kits\10\Windows Performance Toolkit\;C:\Program Files\Git\cmd;C:\Users\\AppData\Local\Programs\Python\Python38\Scripts\;C:\Users\\AppData\Local\Programs\Python\Python38\;C:\Users\\AppData\Local\Microsoft\WindowsApps;C:\Program Files\JetBrains\IntelliJ IDEA 2021.3\bin;;C:\Users\\AppData\Local\GitHubDesktop\bin;C:\Users\\AppData\Local\Programs\Microsoft VS Code\bin;C:\Program Files\JetBrains\PhpStorm 2022.2.1\bin;;C:\Users\\AppData\Roaming\npm;C:\Program Files\JetBrains\WebStorm 2022.2.2\bin;;C:\Program Files\JetBrains\CLion 2023.2.2\bin;;;C:\Program Files\JetBrains\PyCharm 2023.1\bin;;C:\Program Files\JetBrains\DataGrip 2023.2.1\bin;;C:\Program Files\JetBrains\JetBrains Rider 2023.2.2\bin;;C:\Users\\.dotnet\tools
USERNAME=
OS=Windows_NT
PROCESSOR_IDENTIFIER=Intel64 Family 6 Model 165 Stepping 2, GenuineIntel



---------------  S Y S T E M  ---------------

OS:
 Windows 11 , 64 bit Build 22621 (10.0.22621.3235)
OS uptime: 1 days 18:07 hours

CPU: total 8 (initial active 8) (4 cores per cpu, 2 threads per core) family 6 model 165 stepping 2 microcode 0xe0, cx8, cmov, fxsr, ht, mmx, 3dnowpref, sse, sse2, sse3, ssse3, sse4.1, sse4.2, popcnt, lzcnt, tsc, tscinvbit, avx, avx2, aes, erms, clmul, bmi1, bmi2, adx, fma, vzeroupper, clflush, clflushopt

Memory: 4k page, system-wide physical 8029M (631M free)
TotalPageFile size 17053M (AvailPageFile size 43M)
current process WorkingSet (physical memory assigned to process): 250M, peak: 250M
current process commit charge ("private bytes"): 337M, peak: 393M

vm_info: Java HotSpot(TM) 64-Bit Server VM (17.0.9+11-LTS-201) for windows-amd64 JRE (17.0.9+11-LTS-201), built on Oct 10 2023 23:16:06 by "mach5one" with MS VC++ 17.1 (VS2022)

END.
